debug 2026/01/10 14:48:53 Starting loadTables...
debug 2026/01/10 14:48:53 Calling ListTablesWithDetails...
debug 2026/01/10 14:48:54 Successfully loaded 1 tables
debug 2026/01/10 14:48:59 InvokeBedrock called with question: 'get all the items' for table: 'test_table'
debug 2026/01/10 14:49:00 Bedrock Generated SQL: SELECT * FROM "test_table";
debug 2026/01/10 14:49:19 InvokeBedrock called with question: 'get all items' for table: 'test_table'
debug 2026/01/10 14:49:20 Bedrock Generated SQL: SELECT * FROM "test_table";
debug 2026/01/10 14:49:50 InvokeBedrock called with question: 'get item where id is hello' for table: 'test_table'
debug 2026/01/10 14:49:50 Bedrock Generated SQL: SELECT * FROM "test_table" WHERE "id" = 'hello';
debug 2026/01/10 14:50:07 Edit key pressed. View: 2, Items: 1
debug 2026/01/10 14:50:07 Opening editor...
debug 2026/01/10 14:50:55 InvokeBedrock called with question: 'get item where id is socks' for table: 'test_table'
debug 2026/01/10 14:50:55 Bedrock Generated SQL: SELECT * FROM "test_table" WHERE "id" ='socks';
debug 2026/01/10 14:51:26 InvokeBedrock called with question: 'Create an item with id of milk and soup of 23' for table: 'test_table'
debug 2026/01/10 14:51:26 Bedrock Generated SQL: INSERT INTO "test_table" 
VALUES ({"id": "milk", "soup": 23})
debug 2026/01/10 14:58:17 Starting loadTables...
debug 2026/01/10 14:58:17 Calling ListTablesWithDetails...
debug 2026/01/10 14:58:17 Successfully loaded 1 tables
debug 2026/01/10 14:58:28 InvokeBedrock called with question: 'get item with id of hello' for table: 'test_table'
debug 2026/01/10 14:58:29 Bedrock Generated SQLs: [SELECT * FROM "test_table" WHERE "id" = 'hello']
debug 2026/01/10 14:59:49 Starting loadTables...
debug 2026/01/10 14:59:49 Calling ListTablesWithDetails...
debug 2026/01/10 14:59:49 Successfully loaded 1 tables
debug 2026/01/10 14:59:54 InvokeBedrock called with question: 'get all items' for table: 'test_table'
debug 2026/01/10 14:59:54 Bedrock Generated SQLs: [SELECT * FROM "test_table"]
debug 2026/01/10 14:59:58 InvokeBedrock called with question: 'get all items' for table: 'test_table'
debug 2026/01/10 14:59:58 Bedrock Generated SQLs: [SELECT * FROM "test_table"]
debug 2026/01/10 15:00:47 InvokeBedrock called with question: 'get item with id of socks' for table: 'test_table'
debug 2026/01/10 15:00:47 Bedrock Generated SQLs: [SELECT * FROM "test_table" WHERE "id"='socks']
debug 2026/01/10 15:04:11 Starting loadTables...
debug 2026/01/10 15:04:11 Calling ListTablesWithDetails...
debug 2026/01/10 15:04:11 Successfully loaded 1 tables
debug 2026/01/10 15:04:13 Edit key pressed. View: 2, Items: 2
debug 2026/01/10 15:04:13 Opening editor...
debug 2026/01/10 15:04:26 InvokeBedrock called with question: 'get id of hello' for table: 'test_table'
debug 2026/01/10 15:04:26 Bedrock Generated SQLs: [SELECT "id" FROM "test_table" WHERE "id" = 'hello']
debug 2026/01/10 15:04:41 InvokeBedrock called with question: 'get item with id of socks' for table: 'test_table'
debug 2026/01/10 15:04:41 Bedrock Generated SQLs: [SELECT * FROM "test_table" WHERE "id"='socks']
debug 2026/01/10 15:04:43 Edit key pressed. View: 2, Items: 1
debug 2026/01/10 15:04:43 Opening editor...
debug 2026/01/10 15:11:56 InvokeBedrock called with question: 'get items where soup < 4' for table: 'test_table'
debug 2026/01/10 15:11:57 Bedrock Generated SQLs: [SELECT * FROM "test_table" WHERE "soup" < 4]
debug 2026/01/10 15:12:01 Edit key pressed. View: 2, Items: 1
debug 2026/01/10 15:12:01 Opening editor...
debug 2026/01/10 15:16:16 Starting loadTables...
debug 2026/01/10 15:16:16 Calling ListTablesWithDetails...
debug 2026/01/10 15:16:16 Successfully loaded 1 tables
debug 2026/01/10 15:16:39 InvokeBedrock called with question: 'jk' for table: 'test_table'
debug 2026/01/10 15:16:40 Bedrock Generated SQLs: [SELECT * FROM "test_table" WHERE "id" = 'jk']
debug 2026/01/10 15:18:46 InvokeBedrock called with question: 'in the test_table get item with id of socks' for table: 'test_table'
debug 2026/01/10 15:18:46 Bedrock Generated SQLs: [SELECT * FROM "test_table" WHERE "id" ='socks']
debug 2026/01/10 15:19:04 InvokeBedrock called with question: 'get item with id of socks' for table: 'test_table'
debug 2026/01/10 15:19:04 Bedrock Generated SQLs: [SELECT * FROM "test_table" WHERE "id"='socks']
debug 2026/01/10 15:24:00 Starting loadTables...
debug 2026/01/10 15:24:00 Calling ListTablesWithDetails...
debug 2026/01/10 15:24:00 Successfully loaded 1 tables
debug 2026/01/10 15:24:21 InvokeBedrock called with question: 'get Item with id of socks' for table: 'test_table'
debug 2026/01/10 15:24:22 Bedrock Generated SQLs: [SELECT * FROM "test_table" WHERE "id"='socks']
debug 2026/01/10 15:24:32 InvokeBedrock called with question: 'Get id of 2' for table: 'test_table'
debug 2026/01/10 15:24:33 Bedrock Generated SQLs: [SELECT "id" FROM "test_table" WHERE "id" = '2']
